these 2 derivations will be built:
  /nix/store/fw80fi57cr0lz9a64lii3ai8ipp22y8i-source.drv
  /nix/store/ikfqg645v1rb3mg9ypdqvyx07g5i4qhy-soapysdr-sdrplay3-0.4.0.drv
resolved derivation: '/nix/store/fw80fi57cr0lz9a64lii3ai8ipp22y8i-source.drv' -> '/nix/store/x00hbc6mq42s1cpllyhzg71jc9rj9sdm-source.drv'...
building '/nix/store/x00hbc6mq42s1cpllyhzg71jc9rj9sdm-source.drv'...
structuredAttrs is enabled

trying https://github.com/pothosware/SoapySDRPlay3/archive/soapy-sdrplay3-0.4.0.tar.gz
  % Total    % Received % Xferd  Average Speed  Time    Time    Time   Current
                                 Dload  Upload  Total   Spent   Left   Speed
  0      0   0      0   0      0      0      0                              0
100  21132   0  21132   0      0  29168      0                              0
unpacking source archive /build/download.tar.gz
building '/nix/store/ikfqg645v1rb3mg9ypdqvyx07g5i4qhy-soapysdr-sdrplay3-0.4.0.drv'...
Running phase: unpackPhase
unpacking source archive /nix/store/6xnsggd01psn5h20l594l3gsvw2b8n2b-source
source root is source
Running phase: patchPhase
Running phase: updateAutotoolsGnuConfigScriptsPhase
Running phase: configurePhase
cmake flags: -DCMAKE_FIND_USE_SYSTEM_PACKAGE_REGISTRY=OFF -DCMAKE_FIND_USE_PACKAGE_REGISTRY=OFF -DCMAKE_EXPORT_NO_PACKAGE_REGISTRY=ON -DCMAKE_BUILD_TYPE=Release -DBUILD_TESTING=OFF -DCMAKE_INSTALL_LOCALEDIR=/nix/store/qms72gb8p0yw9nrw9hy0v5na289vryj6-soapysdr-sdrplay3-0.4.0/share/locale -DCMAKE_INSTALL_LIBEXECDIR=/nix/store/qms72gb8p0yw9nrw9hy0v5na289vryj6-soapysdr-sdrplay3-0.4.0/libexec -DCMAKE_INSTALL_LIBDIR=/nix/store/qms72gb8p0yw9nrw9hy0v5na289vryj6-soapysdr-sdrplay3-0.4.0/lib -DCMAKE_INSTALL_DOCDIR=/nix/store/qms72gb8p0yw9nrw9hy0v5na289vryj6-soapysdr-sdrplay3-0.4.0/share/doc/SoapySDRPlay -DCMAKE_INSTALL_INFODIR=/nix/store/qms72gb8p0yw9nrw9hy0v5na289vryj6-soapysdr-sdrplay3-0.4.0/share/info -DCMAKE_INSTALL_MANDIR=/nix/store/qms72gb8p0yw9nrw9hy0v5na289vryj6-soapysdr-sdrplay3-0.4.0/share/man -DCMAKE_INSTALL_INCLUDEDIR=/nix/store/qms72gb8p0yw9nrw9hy0v5na289vryj6-soapysdr-sdrplay3-0.4.0/include -DCMAKE_INSTALL_SBINDIR=/nix/store/qms72gb8p0yw9nrw9hy0v5na289vryj6-soapysdr-sdrplay3-0.4.0/sbin -DCMAKE_INSTALL_BINDIR=/nix/store/qms72gb8p0yw9nrw9hy0v5na289vryj6-soapysdr-sdrplay3-0.4.0/bin -DCMAKE_INSTALL_NAME_DIR=/nix/store/qms72gb8p0yw9nrw9hy0v5na289vryj6-soapysdr-sdrplay3-0.4.0/lib -DCMAKE_STRIP=/nix/store/hb2bs5fg5wkm04x565737qd5nh2hy5nk-gcc-wrapper-15.2.0/bin/strip -DCMAKE_RANLIB=/nix/store/hb2bs5fg5wkm04x565737qd5nh2hy5nk-gcc-wrapper-15.2.0/bin/ranlib -DCMAKE_AR=/nix/store/hb2bs5fg5wkm04x565737qd5nh2hy5nk-gcc-wrapper-15.2.0/bin/ar -DCMAKE_C_COMPILER=gcc -DCMAKE_CXX_COMPILER=g++ -DCMAKE_INSTALL_PREFIX=/nix/store/qms72gb8p0yw9nrw9hy0v5na289vryj6-soapysdr-sdrplay3-0.4.0 -DSoapySDR_DIR=/nix/store/29x3lb77ysis2hwp5wy1vbhl5libs3qw-soapysdr-0.8.1-unstable-2025-10-05-03/share/cmake/SoapySDR/
CMake Error at CMakeLists.txt:4 (cmake_minimum_required):
  Compatibility with CMake < 3.5 has been removed from CMake.

  Update the VERSION argument <min> value.  Or, use the <min>...<max> syntax
  to tell CMake that the project requires at least <min> but has been updated
  to work with policies introduced by <max> or earlier.

  Or, add -DCMAKE_POLICY_VERSION_MINIMUM=3.5 to try configuring anyway.


-- Configuring incomplete, errors occurred!
error: builder for '/nix/store/ikfqg645v1rb3mg9ypdqvyx07g5i4qhy-soapysdr-sdrplay3-0.4.0.drv' failed with exit code 1
@@@ [FAIL] @@@
